IQ-TREE version 3.1.2 for MacOS ARM 64-bit built May 17 2026
Developed by Bui Quang Minh, Thomas Wong, Nhan Ly-Trong, Huaiyan Ren
Contributed by Lam-Tung Nguyen, Dominik Schrempf, Chris Bielow,
Olga Chernomor, Michael Woodhams, Diep Thi Hoang, Heiko Schmidt

Host:    Deniss-MacBook-Air.local (SSE4.2, 8 GB RAM)
Command: iqtree -s results/example_report/aligned_sequences/IGHV1-69_12_IGHJ4_02_aligned.fasta -m MFP -B 1000 -T 8 --prefix results/example_report/trees/IGHV1-69_12_IGHJ4_02_aligned/IGHV1-69_12_IGHJ4_02_aligned -redo
Seed:    934745 (Using SPRNG - Scalable Parallel Random Number Generator)
Time:    Sat Jul 18 00:10:35 2026
Kernel:  SSE2 - 8 threads (8 CPU cores detected)

Reading alignment file results/example_report/aligned_sequences/IGHV1-69_12_IGHJ4_02_aligned.fasta ... Fasta format detected
Reading fasta file: done in 0.000446081 secs using 21.3% CPU
Alignment most likely contains DNA/RNA sequences
Constructing alignment: done in 0.000253916 secs using 56.32% CPU
Alignment has 13 sequences with 384 columns, 131 distinct patterns
69 parsimony-informative, 76 singleton sites, 239 constant sites
                             Gap/Ambiguity  Composition  p-value
Analyzing sequences: done in 0.000210047 secs using 10.47% CPU
   1  TAGTTGGGTCATGCAT-1_contig_2    1.30%    passed     90.08%
   2  ATAGACCAGGGCATGT-1_contig_2    1.30%    passed     99.04%
   3  ATGGGAGGTGCTTCTC-1_contig_2    7.55%    passed     56.95%
   4  AAACGGGTCGTACGGC-1_contig_1    3.65%    passed     95.47%
   5  CTGTTTAAGTCTCCTC-1_contig_1    3.65%    passed     91.08%
   6  AGGCCGTAGCTAACAA-1_contig_2    5.99%    passed     77.20%
   7  TATCAGGAGTGAATTG-1_contig_2    1.30%    passed     98.24%
   8  TGTGGTAGTATCAGTC-1_contig_2    3.65%    passed     95.00%
   9  CAGTAACGTTAGATGA-1_contig_2    5.99%    passed     70.26%
  10  CCTATTAGTGCGATAG-1_contig_2    1.30%    passed     97.95%
  11  TGTTCCGGTAAGAGAG-1_contig_2    4.43%    passed     41.33%
  12  TTCTACAGTAAACCTC-1_contig_2    1.30%    passed     97.95%
  13  AATCGGTAGTTCGATC-1_contig_2    1.30%    passed     90.36%
****  TOTAL                          3.29%  0 sequences failed composition chi2 test (p-value<5%; df=3)
Checking for duplicate sequences: done in 3.98159e-05 secs using 72.84% CPU


Create initial parsimony tree by phylogenetic likelihood library (PLL)... 0.001 seconds
WARNING: Number of threads seems too high for short alignments. Use -T AUTO to determine best number of threads.
Perform fast likelihood tree search using GTR+I+G model...
Estimate model parameters (epsilon = 5.000)
Perform nearest neighbor interchange...
Estimate model parameters (epsilon = 1.000)
1. Initial log-likelihood: -1638.332
Optimal log-likelihood: -1638.230
Rate parameters:  A-C: 1.29444  A-G: 3.70575  A-T: 1.96613  C-G: 1.82609  C-T: 6.04624  G-T: 1.00000
Base frequencies:  A: 0.223  C: 0.263  G: 0.300  T: 0.214
Proportion of invariable sites: 0.301
Gamma shape alpha: 1.252
Parameters optimization took 1 rounds (0.013 sec)
Time for fast ML tree search: 0.123 seconds

NOTE: ModelFinder requires 1 MB RAM!
ModelFinder will test up to 968 DNA models (sample size: 384 epsilon: 0.100) ...
 No. Model         -LnL         df  AIC          AICc         BIC
WARNING: Number of threads seems too high for short alignments. Use -T AUTO to determine best number of threads.
  1  JC            1703.933     23  3453.866     3456.933     3544.731
WARNING: Number of threads seems too high for short alignments. Use -T AUTO to determine best number of threads.
  2  JC+I          1676.252     24  3400.504     3403.847     3495.319
WARNING: Number of threads seems too high for short alignments. Use -T AUTO to determine best number of threads.
  3  JC+G4         1674.454     24  3396.908     3400.251     3491.723
WARNING: Number of threads seems too high for short alignments. Use -T AUTO to determine best number of threads.
  4  JC+I+G4       1674.488     25  3398.976     3402.607     3497.742
WARNING: Number of threads seems too high for short alignments. Use -T AUTO to determine best number of threads.
  5  JC+R2         1674.891     25  3399.783     3403.414     3498.549
WARNING: Number of threads seems too high for short alignments. Use -T AUTO to determine best number of threads.
  6  JC+R3         1674.477     27  3402.955     3407.202     3509.622
WARNING: Number of threads seems too high for short alignments. Use -T AUTO to determine best number of threads.
 14  JC+I+R2       1674.926     26  3401.852     3405.785     3504.569
WARNING: Number of threads seems too high for short alignments. Use -T AUTO to determine best number of threads.
 15  JC+I+R3       1674.631     28  3405.263     3409.837     3515.881
 24  JC+I          1676.252     24  3400.504     3403.847     3495.319
 25  JC+G4         1674.454     24  3396.908     3400.251     3491.723
 26  JC+I+G4       1674.488     25  3398.976     3402.607     3497.742
 27  JC+R2         1674.891     25  3399.783     3403.414     3498.549
WARNING: Number of threads seems too high for short alignments. Use -T AUTO to determine best number of threads.
 46  F81+I         1676.252     24  3400.504     3403.847     3495.319
WARNING: Number of threads seems too high for short alignments. Use -T AUTO to determine best number of threads.
 47  F81+G4        1674.454     24  3396.908     3400.251     3491.724
WARNING: Number of threads seems too high for short alignments. Use -T AUTO to determine best number of threads.
 48  F81+I+G4      1674.487     25  3398.975     3402.606     3497.741
WARNING: Number of threads seems too high for short alignments. Use -T AUTO to determine best number of threads.
 49  F81+R2        1674.847     25  3399.694     3403.325     3498.460
WARNING: Number of threads seems too high for short alignments. Use -T AUTO to determine best number of threads.
 68  F81+F+I       1675.886     27  3405.772     3410.019     3512.439
WARNING: Number of threads seems too high for short alignments. Use -T AUTO to determine best number of threads.
 69  F81+F+G4      1673.556     27  3401.113     3405.360     3507.780
WARNING: Number of threads seems too high for short alignments. Use -T AUTO to determine best number of threads.
 70  F81+F+I+G4    1673.664     28  3403.328     3407.903     3513.946
WARNING: Number of threads seems too high for short alignments. Use -T AUTO to determine best number of threads.
 71  F81+F+R2      1674.066     28  3404.132     3408.706     3514.750
WARNING: Number of threads seems too high for short alignments. Use -T AUTO to determine best number of threads.
 90  K2P+I         1646.302     25  3342.604     3346.235     3441.370
WARNING: Number of threads seems too high for short alignments. Use -T AUTO to determine best number of threads.
 91  K2P+G4        1644.555     25  3339.111     3342.742     3437.877
WARNING: Number of threads seems too high for short alignments. Use -T AUTO to determine best number of threads.
 92  K2P+I+G4      1644.480     26  3340.960     3344.893     3443.677
WARNING: Number of threads seems too high for short alignments. Use -T AUTO to determine best number of threads.
 93  K2P+R2        1644.928     26  3341.856     3345.788     3444.572
112  K2P+I         1646.302     25  3342.604     3346.235     3441.370
113  K2P+G4        1644.555     25  3339.111     3342.742     3437.877
114  K2P+I+G4      1644.480     26  3340.960     3344.893     3443.677
115  K2P+R2        1644.928     26  3341.856     3345.788     3444.572
WARNING: Number of threads seems too high for short alignments. Use -T AUTO to determine best number of threads.
134  HKY+I         1646.302     25  3342.604     3346.235     3441.370
WARNING: Number of threads seems too high for short alignments. Use -T AUTO to determine best number of threads.
135  HKY+G4        1644.555     25  3339.111     3342.742     3437.877
WARNING: Number of threads seems too high for short alignments. Use -T AUTO to determine best number of threads.
136  HKY+I+G4      1644.480     26  3340.959     3344.892     3443.676
WARNING: Number of threads seems too high for short alignments. Use -T AUTO to determine best number of threads.
137  HKY+R2        1644.899     26  3341.797     3345.730     3444.514
WARNING: Number of threads seems too high for short alignments. Use -T AUTO to determine best number of threads.
156  HKY+F+I       1645.690     28  3347.379     3351.954     3457.997
WARNING: Number of threads seems too high for short alignments. Use -T AUTO to determine best number of threads.
157  HKY+F+G4      1642.858     28  3341.715     3346.290     3452.333
WARNING: Number of threads seems too high for short alignments. Use -T AUTO to determine best number of threads.
158  HKY+F+I+G4    1642.926     29  3343.851     3348.766     3458.420
WARNING: Number of threads seems too high for short alignments. Use -T AUTO to determine best number of threads.
159  HKY+F+R2      1643.337     29  3344.674     3349.589     3459.242
WARNING: Number of threads seems too high for short alignments. Use -T AUTO to determine best number of threads.
178  TNe+I         1644.383     26  3340.765     3344.698     3443.482
WARNING: Number of threads seems too high for short alignments. Use -T AUTO to determine best number of threads.
179  TNe+G4        1643.064     26  3338.128     3342.061     3440.845
WARNING: Number of threads seems too high for short alignments. Use -T AUTO to determine best number of threads.
180  TNe+I+G4      1642.955     27  3339.911     3344.158     3446.578
WARNING: Number of threads seems too high for short alignments. Use -T AUTO to determine best number of threads.
181  TNe+R2        1643.185     27  3340.369     3344.616     3447.036
200  TNe+I         1644.383     26  3340.765     3344.698     3443.482
201  TNe+G4        1643.064     26  3338.128     3342.061     3440.845
202  TNe+I+G4      1642.955     27  3339.911     3344.158     3446.578
203  TNe+R2        1643.185     27  3340.369     3344.616     3447.036
WARNING: Number of threads seems too high for short alignments. Use -T AUTO to determine best number of threads.
222  TN+I          1644.382     26  3340.765     3344.697     3443.481
WARNING: Number of threads seems too high for short alignments. Use -T AUTO to determine best number of threads.
223  TN+G4         1643.065     26  3338.130     3342.063     3440.846
WARNING: Number of threads seems too high for short alignments. Use -T AUTO to determine best number of threads.
224  TN+I+G4       1642.955     27  3339.911     3344.158     3446.578
WARNING: Number of threads seems too high for short alignments. Use -T AUTO to determine best number of threads.
225  TN+R2         1643.174     27  3340.347     3344.594     3447.015
WARNING: Number of threads seems too high for short alignments. Use -T AUTO to determine best number of threads.
244  TN+F+I        1642.518     29  3343.036     3347.951     3457.605
WARNING: Number of threads seems too high for short alignments. Use -T AUTO to determine best number of threads.
245  TN+F+G4       1640.330     29  3338.660     3343.575     3453.229
WARNING: Number of threads seems too high for short alignments. Use -T AUTO to determine best number of threads.
246  TN+F+I+G4     1640.319     30  3340.639     3345.908     3459.158
WARNING: Number of threads seems too high for short alignments. Use -T AUTO to determine best number of threads.
247  TN+F+R2       1640.543     30  3341.087     3346.356     3459.606
WARNING: Number of threads seems too high for short alignments. Use -T AUTO to determine best number of threads.
266  K3P+I         1643.918     26  3339.835     3343.768     3442.552
WARNING: Number of threads seems too high for short alignments. Use -T AUTO to determine best number of threads.
267  K3P+G4        1642.332     26  3336.664     3340.597     3439.380
WARNING: Number of threads seems too high for short alignments. Use -T AUTO to determine best number of threads.
268  K3P+I+G4      1642.207     27  3338.415     3342.662     3445.082
WARNING: Number of threads seems too high for short alignments. Use -T AUTO to determine best number of threads.
269  K3P+R2        1642.622     27  3339.244     3343.491     3445.912
288  K3P+I         1643.918     26  3339.835     3343.768     3442.552
289  K3P+G4        1642.332     26  3336.664     3340.597     3439.380
290  K3P+I+G4      1642.207     27  3338.415     3342.662     3445.082
291  K3P+R2        1642.622     27  3339.244     3343.491     3445.912
WARNING: Number of threads seems too high for short alignments. Use -T AUTO to determine best number of threads.
310  K3Pu+I        1643.918     26  3339.835     3343.768     3442.552
WARNING: Number of threads seems too high for short alignments. Use -T AUTO to determine best number of threads.
311  K3Pu+G4       1642.332     26  3336.665     3340.598     3439.382
WARNING: Number of threads seems too high for short alignments. Use -T AUTO to determine best number of threads.
312  K3Pu+I+G4     1642.207     27  3338.414     3342.662     3445.082
WARNING: Number of threads seems too high for short alignments. Use -T AUTO to determine best number of threads.
313  K3Pu+R2       1642.607     27  3339.213     3343.461     3445.881
WARNING: Number of threads seems too high for short alignments. Use -T AUTO to determine best number of threads.
332  K3Pu+F+I      1643.649     29  3345.299     3350.214     3459.867
WARNING: Number of threads seems too high for short alignments. Use -T AUTO to determine best number of threads.
333  K3Pu+F+G4     1641.105     29  3340.209     3345.124     3454.778
WARNING: Number of threads seems too high for short alignments. Use -T AUTO to determine best number of threads.
334  K3Pu+F+I+G4   1641.118     30  3342.235     3347.504     3460.755
WARNING: Number of threads seems too high for short alignments. Use -T AUTO to determine best number of threads.
335  K3Pu+F+R2     1641.503     30  3343.007     3348.276     3461.526
WARNING: Number of threads seems too high for short alignments. Use -T AUTO to determine best number of threads.
354  TPM2+I        1645.907     26  3343.815     3347.748     3446.531
WARNING: Number of threads seems too high for short alignments. Use -T AUTO to determine best number of threads.
355  TPM2+G4       1644.470     26  3340.940     3344.872     3443.656
WARNING: Number of threads seems too high for short alignments. Use -T AUTO to determine best number of threads.
356  TPM2+I+G4     1644.362     27  3342.725     3346.972     3449.392
WARNING: Number of threads seems too high for short alignments. Use -T AUTO to determine best number of threads.
357  TPM2+R2       1644.721     27  3343.441     3347.688     3450.109
376  TPM2+I        1645.907     26  3343.815     3347.748     3446.531
377  TPM2+G4       1644.470     26  3340.940     3344.872     3443.656
378  TPM2+I+G4     1644.362     27  3342.725     3346.972     3449.392
379  TPM2+R2       1644.721     27  3343.441     3347.688     3450.109
WARNING: Number of threads seems too high for short alignments. Use -T AUTO to determine best number of threads.
398  TPM2u+I       1645.907     26  3343.815     3347.747     3446.531
WARNING: Number of threads seems too high for short alignments. Use -T AUTO to determine best number of threads.
399  TPM2u+G4      1644.470     26  3340.940     3344.873     3443.657
WARNING: Number of threads seems too high for short alignments. Use -T AUTO to determine best number of threads.
400  TPM2u+I+G4    1644.362     27  3342.725     3346.972     3449.392
WARNING: Number of threads seems too high for short alignments. Use -T AUTO to determine best number of threads.
401  TPM2u+R2      1644.708     27  3343.416     3347.663     3450.083
WARNING: Number of threads seems too high for short alignments. Use -T AUTO to determine best number of threads.
420  TPM2u+F+I     1645.685     29  3349.370     3354.285     3463.938
WARNING: Number of threads seems too high for short alignments. Use -T AUTO to determine best number of threads.
421  TPM2u+F+G4    1642.723     29  3343.445     3348.360     3458.014
WARNING: Number of threads seems too high for short alignments. Use -T AUTO to determine best number of threads.
422  TPM2u+F+I+G4  1642.831     30  3345.663     3350.932     3464.182
WARNING: Number of threads seems too high for short alignments. Use -T AUTO to determine best number of threads.
423  TPM2u+F+R2    1643.077     30  3346.154     3351.423     3464.673
WARNING: Number of threads seems too high for short alignments. Use -T AUTO to determine best number of threads.
442  TPM3+I        1645.127     26  3342.254     3346.187     3444.971
WARNING: Number of threads seems too high for short alignments. Use -T AUTO to determine best number of threads.
443  TPM3+G4       1643.724     26  3339.449     3343.381     3442.165
WARNING: Number of threads seems too high for short alignments. Use -T AUTO to determine best number of threads.
444  TPM3+I+G4     1643.629     27  3341.258     3345.505     3447.925
WARNING: Number of threads seems too high for short alignments. Use -T AUTO to determine best number of threads.
445  TPM3+R2       1643.924     27  3341.849     3346.096     3448.516
464  TPM3+I        1645.127     26  3342.254     3346.187     3444.971
465  TPM3+G4       1643.724     26  3339.449     3343.381     3442.165
466  TPM3+I+G4     1643.629     27  3341.258     3345.505     3447.925
467  TPM3+R2       1643.924     27  3341.849     3346.096     3448.516
WARNING: Number of threads seems too high for short alignments. Use -T AUTO to determine best number of threads.
486  TPM3u+I       1645.127     26  3342.254     3346.187     3444.971
WARNING: Number of threads seems too high for short alignments. Use -T AUTO to determine best number of threads.
487  TPM3u+G4      1643.724     26  3339.448     3343.380     3442.164
WARNING: Number of threads seems too high for short alignments. Use -T AUTO to determine best number of threads.
488  TPM3u+I+G4    1643.628     27  3341.257     3345.504     3447.924
WARNING: Number of threads seems too high for short alignments. Use -T AUTO to determine best number of threads.
489  TPM3u+R2      1643.914     27  3341.828     3346.075     3448.496
WARNING: Number of threads seems too high for short alignments. Use -T AUTO to determine best number of threads.
508  TPM3u+F+I     1645.351     29  3348.702     3353.617     3463.271
WARNING: Number of threads seems too high for short alignments. Use -T AUTO to determine best number of threads.
509  TPM3u+F+G4    1642.704     29  3343.408     3348.323     3457.977
WARNING: Number of threads seems too high for short alignments. Use -T AUTO to determine best number of threads.
510  TPM3u+F+I+G4  1642.770     30  3345.540     3350.809     3464.059
WARNING: Number of threads seems too high for short alignments. Use -T AUTO to determine best number of threads.
511  TPM3u+F+R2    1643.090     30  3346.180     3351.449     3464.699
WARNING: Number of threads seems too high for short alignments. Use -T AUTO to determine best number of threads.
530  TIMe+I        1641.961     27  3337.922     3342.169     3444.589
WARNING: Number of threads seems too high for short alignments. Use -T AUTO to determine best number of threads.
531  TIMe+G4       1640.814     27  3335.628     3339.875     3442.295
WARNING: Number of threads seems too high for short alignments. Use -T AUTO to determine best number of threads.
532  TIMe+I+G4     1640.662     28  3337.325     3341.900     3447.943
WARNING: Number of threads seems too high for short alignments. Use -T AUTO to determine best number of threads.
533  TIMe+R2       1640.918     28  3337.836     3342.411     3448.454
552  TIMe+I        1641.961     27  3337.922     3342.169     3444.589
553  TIMe+G4       1640.814     27  3335.628     3339.875     3442.295
554  TIMe+I+G4     1640.662     28  3337.325     3341.900     3447.943
555  TIMe+R2       1640.918     28  3337.836     3342.411     3448.454
WARNING: Number of threads seems too high for short alignments. Use -T AUTO to determine best number of threads.
574  TIM+I         1641.959     27  3337.918     3342.165     3444.585
WARNING: Number of threads seems too high for short alignments. Use -T AUTO to determine best number of threads.
575  TIM+G4        1640.814     27  3335.629     3339.876     3442.296
WARNING: Number of threads seems too high for short alignments. Use -T AUTO to determine best number of threads.
576  TIM+I+G4      1640.662     28  3337.324     3341.899     3447.942
WARNING: Number of threads seems too high for short alignments. Use -T AUTO to determine best number of threads.
577  TIM+R2        1640.912     28  3337.825     3342.399     3448.443
WARNING: Number of threads seems too high for short alignments. Use -T AUTO to determine best number of threads.
596  TIM+F+I       1640.435     30  3340.869     3346.139     3459.389
WARNING: Number of threads seems too high for short alignments. Use -T AUTO to determine best number of threads.
597  TIM+F+G4      1638.542     30  3337.083     3342.352     3455.602
WARNING: Number of threads seems too high for short alignments. Use -T AUTO to determine best number of threads.
598  TIM+F+I+G4    1638.485     31  3338.969     3344.606     3461.439
WARNING: Number of threads seems too high for short alignments. Use -T AUTO to determine best number of threads.
599  TIM+F+R2      1638.702     31  3339.404     3345.040     3461.874
WARNING: Number of threads seems too high for short alignments. Use -T AUTO to determine best number of threads.
618  TIM2e+I       1644.021     27  3342.042     3346.289     3448.709
WARNING: Number of threads seems too high for short alignments. Use -T AUTO to determine best number of threads.
619  TIM2e+G4      1642.979     27  3339.957     3344.205     3446.625
WARNING: Number of threads seems too high for short alignments. Use -T AUTO to determine best number of threads.
620  TIM2e+I+G4    1642.850     28  3341.699     3346.274     3452.317
WARNING: Number of threads seems too high for short alignments. Use -T AUTO to determine best number of threads.
621  TIM2e+R2      1643.047     28  3342.095     3346.670     3452.713
640  TIM2e+I       1644.021     27  3342.042     3346.289     3448.709
641  TIM2e+G4      1642.979     27  3339.957     3344.205     3446.625
642  TIM2e+I+G4    1642.850     28  3341.699     3346.274     3452.317
643  TIM2e+R2      1643.047     28  3342.095     3346.670     3452.713
WARNING: Number of threads seems too high for short alignments. Use -T AUTO to determine best number of threads.
662  TIM2+I        1644.021     27  3342.042     3346.289     3448.710
WARNING: Number of threads seems too high for short alignments. Use -T AUTO to determine best number of threads.
663  TIM2+G4       1642.979     27  3339.959     3344.206     3446.626
WARNING: Number of threads seems too high for short alignments. Use -T AUTO to determine best number of threads.
664  TIM2+I+G4     1642.849     28  3341.699     3346.273     3452.317
WARNING: Number of threads seems too high for short alignments. Use -T AUTO to determine best number of threads.
665  TIM2+R2       1643.047     28  3342.094     3346.669     3452.712
WARNING: Number of threads seems too high for short alignments. Use -T AUTO to determine best number of threads.
684  TIM2+F+I      1642.514     30  3345.027     3350.296     3463.546
WARNING: Number of threads seems too high for short alignments. Use -T AUTO to determine best number of threads.
685  TIM2+F+G4     1640.233     30  3340.465     3345.734     3458.984
WARNING: Number of threads seems too high for short alignments. Use -T AUTO to determine best number of threads.
686  TIM2+F+I+G4   1640.243     31  3342.485     3348.121     3464.955
WARNING: Number of threads seems too high for short alignments. Use -T AUTO to determine best number of threads.
687  TIM2+F+R2     1640.421     31  3342.842     3348.478     3465.312
WARNING: Number of threads seems too high for short alignments. Use -T AUTO to determine best number of threads.
706  TIM3e+I       1643.175     27  3340.351     3344.598     3447.018
WARNING: Number of threads seems too high for short alignments. Use -T AUTO to determine best number of threads.
707  TIM3e+G4      1642.231     27  3338.462     3342.710     3445.130
WARNING: Number of threads seems too high for short alignments. Use -T AUTO to determine best number of threads.
708  TIM3e+I+G4    1642.101     28  3340.202     3344.777     3450.820
WARNING: Number of threads seems too high for short alignments. Use -T AUTO to determine best number of threads.
709  TIM3e+R2      1642.273     28  3340.545     3345.120     3451.163
728  TIM3e+I       1643.175     27  3340.351     3344.598     3447.018
729  TIM3e+G4      1642.231     27  3338.462     3342.710     3445.130
730  TIM3e+I+G4    1642.101     28  3340.202     3344.777     3450.820
731  TIM3e+R2      1642.273     28  3340.545     3345.120     3451.163
WARNING: Number of threads seems too high for short alignments. Use -T AUTO to determine best number of threads.
750  TIM3+I        1643.176     27  3340.351     3344.598     3447.019
WARNING: Number of threads seems too high for short alignments. Use -T AUTO to determine best number of threads.
751  TIM3+G4       1642.232     27  3338.464     3342.711     3445.131
WARNING: Number of threads seems too high for short alignments. Use -T AUTO to determine best number of threads.
752  TIM3+I+G4     1642.101     28  3340.201     3344.776     3450.819
WARNING: Number of threads seems too high for short alignments. Use -T AUTO to determine best number of threads.
753  TIM3+R2       1642.272     28  3340.544     3345.118     3451.162
WARNING: Number of threads seems too high for short alignments. Use -T AUTO to determine best number of threads.
772  TIM3+F+I      1642.182     30  3344.365     3349.634     3462.884
WARNING: Number of threads seems too high for short alignments. Use -T AUTO to determine best number of threads.
773  TIM3+F+G4     1640.199     30  3340.399     3345.668     3458.918
WARNING: Number of threads seems too high for short alignments. Use -T AUTO to determine best number of threads.
774  TIM3+F+I+G4   1640.180     31  3342.359     3347.996     3464.829
WARNING: Number of threads seems too high for short alignments. Use -T AUTO to determine best number of threads.
775  TIM3+F+R2     1640.349     31  3342.698     3348.334     3465.168
WARNING: Number of threads seems too high for short alignments. Use -T AUTO to determine best number of threads.
794  TVMe+I        1642.791     28  3341.582     3346.156     3452.200
WARNING: Number of threads seems too high for short alignments. Use -T AUTO to determine best number of threads.
795  TVMe+G4       1641.720     28  3339.440     3344.015     3450.058
WARNING: Number of threads seems too high for short alignments. Use -T AUTO to determine best number of threads.
796  TVMe+I+G4     1641.562     29  3341.124     3346.039     3455.693
WARNING: Number of threads seems too high for short alignments. Use -T AUTO to determine best number of threads.
797  TVMe+R2       1641.873     29  3341.746     3346.661     3456.314
816  TVMe+I        1642.791     28  3341.582     3346.156     3452.200
817  TVMe+G4       1641.720     28  3339.440     3344.015     3450.058
818  TVMe+I+G4     1641.562     29  3341.124     3346.039     3455.693
819  TVMe+R2       1641.873     29  3341.746     3346.661     3456.314
WARNING: Number of threads seems too high for short alignments. Use -T AUTO to determine best number of threads.
838  TVM+I         1642.791     28  3341.582     3346.157     3452.200
WARNING: Number of threads seems too high for short alignments. Use -T AUTO to determine best number of threads.
839  TVM+G4        1641.719     28  3339.439     3344.013     3450.057
WARNING: Number of threads seems too high for short alignments. Use -T AUTO to determine best number of threads.
840  TVM+I+G4      1641.561     29  3341.123     3346.038     3455.691
WARNING: Number of threads seems too high for short alignments. Use -T AUTO to determine best number of threads.
841  TVM+R2        1641.871     29  3341.742     3346.658     3456.311
WARNING: Number of threads seems too high for short alignments. Use -T AUTO to determine best number of threads.
860  TVM+F+I       1643.464     31  3348.928     3354.565     3471.398
WARNING: Number of threads seems too high for short alignments. Use -T AUTO to determine best number of threads.
861  TVM+F+G4      1640.747     31  3343.494     3349.130     3465.964
WARNING: Number of threads seems too high for short alignments. Use -T AUTO to determine best number of threads.
862  TVM+F+I+G4    1640.811     32  3345.622     3351.639     3472.042
WARNING: Number of threads seems too high for short alignments. Use -T AUTO to determine best number of threads.
863  TVM+F+R2      1641.046     32  3346.092     3352.110     3472.513
WARNING: Number of threads seems too high for short alignments. Use -T AUTO to determine best number of threads.
882  SYM+I         1640.839     29  3339.677     3344.593     3454.246
WARNING: Number of threads seems too high for short alignments. Use -T AUTO to determine best number of threads.
883  SYM+G4        1640.194     29  3338.389     3343.304     3452.957
WARNING: Number of threads seems too high for short alignments. Use -T AUTO to determine best number of threads.
884  SYM+I+G4      1640.006     30  3340.012     3345.281     3458.532
WARNING: Number of threads seems too high for short alignments. Use -T AUTO to determine best number of threads.
885  SYM+R2        1640.220     30  3340.440     3345.709     3458.959
904  SYM+I         1640.839     29  3339.677     3344.593     3454.246
905  SYM+G4        1640.194     29  3338.389     3343.304     3452.957
906  SYM+I+G4      1640.006     30  3340.012     3345.281     3458.532
907  SYM+R2        1640.220     30  3340.440     3345.709     3458.959
WARNING: Number of threads seems too high for short alignments. Use -T AUTO to determine best number of threads.
926  GTR+I         1640.839     29  3339.678     3344.593     3454.246
WARNING: Number of threads seems too high for short alignments. Use -T AUTO to determine best number of threads.
927  GTR+G4        1640.195     29  3338.390     3343.305     3452.958
WARNING: Number of threads seems too high for short alignments. Use -T AUTO to determine best number of threads.
928  GTR+I+G4      1640.006     30  3340.011     3345.280     3458.530
WARNING: Number of threads seems too high for short alignments. Use -T AUTO to determine best number of threads.
929  GTR+R2        1640.220     30  3340.441     3345.710     3458.960
WARNING: Number of threads seems too high for short alignments. Use -T AUTO to determine best number of threads.
948  GTR+F+I       1640.248     32  3344.495     3350.512     3470.916
WARNING: Number of threads seems too high for short alignments. Use -T AUTO to determine best number of threads.
949  GTR+F+G4      1638.242     32  3340.485     3346.502     3466.905
WARNING: Number of threads seems too high for short alignments. Use -T AUTO to determine best number of threads.
950  GTR+F+I+G4    1638.216     33  3342.432     3348.843     3472.803
WARNING: Number of threads seems too high for short alignments. Use -T AUTO to determine best number of threads.
951  GTR+F+R2      1638.412     33  3342.824     3349.235     3473.195
Akaike Information Criterion:           TIMe+G4
Corrected Akaike Information Criterion: TIMe+G4
Bayesian Information Criterion:         HKY+G4
Best-fit model: HKY+G4 chosen according to BIC

All model information printed to results/example_report/trees/IGHV1-69_12_IGHJ4_02_aligned/IGHV1-69_12_IGHJ4_02_aligned.model.gz
CPU time for ModelFinder: 1.629 seconds (0h:0m:1s)
Wall-clock time for ModelFinder: 2.395 seconds (0h:0m:2s)
Generating 1000 samples for ultrafast bootstrap (seed: 934745)...

NOTE: 0 MB RAM (0 GB) is required!
WARNING: Number of threads seems too high for short alignments. Use -T AUTO to determine best number of threads.
Estimate model parameters (epsilon = 0.100)
1. Initial log-likelihood: -1642.949
Optimal log-likelihood: -1642.858
Rate parameters:  A-C: 1.00000  A-G: 3.09793  A-T: 1.00000  C-G: 1.00000  C-T: 3.09793  G-T: 1.00000
Base frequencies:  A: 0.223  C: 0.263  G: 0.300  T: 0.214
Gamma shape alpha: 0.517
Parameters optimization took 1 rounds (0.012 sec)
Wrote distance file to... 
Computing ML distances based on estimated model parameters...
Calculating distance matrix: done in 0.000241041 secs using 483.3% CPU
Computing ML distances took 0.000348 sec (of wall-clock time) 0.001230 sec (of CPU time)
Setting up auxiliary I and S matrices: done in 9.10759e-05 secs using 87.84% CPU
Constructing RapidNJ tree: done in 0.000967026 secs using 49.95% CPU
Computing RapidNJ tree took 0.001099 sec (of wall-clock time) 0.000578 sec (of CPU time)
Log-likelihood of RapidNJ tree: -1656.018
--------------------------------------------------------------------
|             INITIALIZING CANDIDATE TREE SET                      |
--------------------------------------------------------------------
Generating 98 parsimony trees... 0.028 second
Computing log-likelihood of 98 initial trees ... 0.595 seconds
Current best score: -1642.858

Do NNI search on 20 best initial trees
Estimate model parameters (epsilon = 0.100)
BETTER TREE FOUND at iteration 1: -1642.858
Iteration 10 / LogL: -1642.879 / Time: 0h:0m:3s
Iteration 20 / LogL: -1642.859 / Time: 0h:0m:4s
Finish initializing candidate tree set (3)
Current best tree score: -1642.858 / CPU time: 1.896
Number of iterations: 20
--------------------------------------------------------------------
|               OPTIMIZING CANDIDATE TREE SET                      |
--------------------------------------------------------------------
Iteration 30 / LogL: -1642.858 / Time: 0h:0m:5s (0h:0m:7s left)
Iteration 40 / LogL: -1673.100 / Time: 0h:0m:6s (0h:0m:6s left)
Iteration 50 / LogL: -1673.090 / Time: 0h:0m:7s (0h:0m:5s left)
Log-likelihood cutoff on original alignment: -1659.154
Iteration 60 / LogL: -1673.090 / Time: 0h:0m:8s (0h:0m:4s left)
Iteration 70 / LogL: -1692.210 / Time: 0h:0m:10s (0h:0m:3s left)
Iteration 80 / LogL: -1642.869 / Time: 0h:0m:11s (0h:0m:2s left)
Iteration 90 / LogL: -1711.331 / Time: 0h:0m:12s (0h:0m:1s left)
UPDATE BEST LOG-LIKELIHOOD: -1642.858
Iteration 100 / LogL: -1642.858 / Time: 0h:0m:13s (0h:0m:0s left)
Log-likelihood cutoff on original alignment: -1659.856
NOTE: Bootstrap correlation coefficient of split occurrence frequencies: 0.988
NOTE: UFBoot does not converge, continue at least 100 more iterations
Iteration 110 / LogL: -1642.859 / Time: 0h:0m:14s (0h:0m:10s left)
Iteration 120 / LogL: -1642.877 / Time: 0h:0m:15s (0h:0m:9s left)
Iteration 130 / LogL: -1642.860 / Time: 0h:0m:16s (0h:0m:7s left)
Iteration 140 / LogL: -1642.858 / Time: 0h:0m:18s (0h:0m:6s left)
Iteration 150 / LogL: -1642.858 / Time: 0h:0m:19s (0h:0m:5s left)
Log-likelihood cutoff on original alignment: -1660.909
Iteration 160 / LogL: -1642.860 / Time: 0h:0m:20s (0h:0m:4s left)
Iteration 170 / LogL: -1642.865 / Time: 0h:0m:21s (0h:0m:3s left)
Iteration 180 / LogL: -1642.858 / Time: 0h:0m:22s (0h:0m:2s left)
Iteration 190 / LogL: -1642.872 / Time: 0h:0m:24s (0h:0m:1s left)
Iteration 200 / LogL: -1642.858 / Time: 0h:0m:25s (0h:0m:0s left)
Log-likelihood cutoff on original alignment: -1660.909
NOTE: Bootstrap correlation coefficient of split occurrence frequencies: 0.996
TREE SEARCH COMPLETED AFTER 200 ITERATIONS / Time: 0h:0m:25s

--------------------------------------------------------------------
|                    FINALIZING TREE SEARCH                        |
--------------------------------------------------------------------
Performs final model parameters optimization
Estimate model parameters (epsilon = 0.010)
1. Initial log-likelihood: -1642.858
Optimal log-likelihood: -1642.858
Rate parameters:  A-C: 1.00000  A-G: 3.09134  A-T: 1.00000  C-G: 1.00000  C-T: 3.09134  G-T: 1.00000
Base frequencies:  A: 0.223  C: 0.263  G: 0.300  T: 0.214
Gamma shape alpha: 0.518
Parameters optimization took 1 rounds (0.008 sec)
BEST SCORE FOUND : -1642.858
Creating bootstrap support values...
Split supports printed to NEXUS file results/example_report/trees/IGHV1-69_12_IGHJ4_02_aligned/IGHV1-69_12_IGHJ4_02_aligned.splits.nex
Total tree length: 0.761

Total number of iterations: 200
CPU time used for tree search: 12.107 sec (0h:0m:12s)
Wall-clock time used for tree search: 22.732 sec (0h:0m:22s)
Total CPU time used: 13.789 sec (0h:0m:13s)
Total wall-clock time used: 25.196 sec (0h:0m:25s)

Computing bootstrap consensus tree...
Reading input file results/example_report/trees/IGHV1-69_12_IGHJ4_02_aligned/IGHV1-69_12_IGHJ4_02_aligned.splits.nex...
13 taxa and 88 splits.
Consensus tree written to results/example_report/trees/IGHV1-69_12_IGHJ4_02_aligned/IGHV1-69_12_IGHJ4_02_aligned.contree
Reading input trees file results/example_report/trees/IGHV1-69_12_IGHJ4_02_aligned/IGHV1-69_12_IGHJ4_02_aligned.contree
Log-likelihood of consensus tree: -1642.859

Analysis results written to: 
  IQ-TREE report:                results/example_report/trees/IGHV1-69_12_IGHJ4_02_aligned/IGHV1-69_12_IGHJ4_02_aligned.iqtree
  Maximum-likelihood tree:       results/example_report/trees/IGHV1-69_12_IGHJ4_02_aligned/IGHV1-69_12_IGHJ4_02_aligned.treefile
  Likelihood distances:          results/example_report/trees/IGHV1-69_12_IGHJ4_02_aligned/IGHV1-69_12_IGHJ4_02_aligned.mldist

Ultrafast bootstrap approximation results written to:
  Split support values:          results/example_report/trees/IGHV1-69_12_IGHJ4_02_aligned/IGHV1-69_12_IGHJ4_02_aligned.splits.nex
  Consensus tree:                results/example_report/trees/IGHV1-69_12_IGHJ4_02_aligned/IGHV1-69_12_IGHJ4_02_aligned.contree
  Screen log file:               results/example_report/trees/IGHV1-69_12_IGHJ4_02_aligned/IGHV1-69_12_IGHJ4_02_aligned.log

Date and Time: Sat Jul 18 00:11:01 2026
