IQ-TREE version 3.1.2 for MacOS ARM 64-bit built May 17 2026
Developed by Bui Quang Minh, Thomas Wong, Nhan Ly-Trong, Huaiyan Ren
Contributed by Lam-Tung Nguyen, Dominik Schrempf, Chris Bielow,
Olga Chernomor, Michael Woodhams, Diep Thi Hoang, Heiko Schmidt

Host:    Deniss-MacBook-Air.local (SSE4.2, 8 GB RAM)
Command: iqtree -s results/example_report/aligned_sequences/IGHV1-69_12_IGHJ4_02_aligned.fasta -m MFP -B 1000 -T 8 --prefix results/example_report/trees/IGHV1-69_12_IGHJ4_02_aligned/IGHV1-69_12_IGHJ4_02_aligned -redo
Seed:    272645 (Using SPRNG - Scalable Parallel Random Number Generator)
Time:    Sat Jul 18 13:51:38 2026
Kernel:  SSE2 - 8 threads (8 CPU cores detected)

Reading alignment file results/example_report/aligned_sequences/IGHV1-69_12_IGHJ4_02_aligned.fasta ... Fasta format detected
Reading fasta file: done in 0.000435114 secs using 21.6% CPU
Alignment most likely contains DNA/RNA sequences
Constructing alignment: done in 0.000257969 secs using 55.05% CPU
Alignment has 13 sequences with 384 columns, 131 distinct patterns
69 parsimony-informative, 76 singleton sites, 239 constant sites
                             Gap/Ambiguity  Composition  p-value
Analyzing sequences: done in 4.1008e-05 secs using 48.77% CPU
   1  TAGTTGGGTCATGCAT-1_contig_2    1.30%    passed     90.08%
   2  ATAGACCAGGGCATGT-1_contig_2    1.30%    passed     99.04%
   3  ATGGGAGGTGCTTCTC-1_contig_2    7.55%    passed     56.95%
   4  AAACGGGTCGTACGGC-1_contig_1    3.65%    passed     95.47%
   5  CTGTTTAAGTCTCCTC-1_contig_1    3.65%    passed     91.08%
   6  AGGCCGTAGCTAACAA-1_contig_2    5.99%    passed     77.20%
   7  TATCAGGAGTGAATTG-1_contig_2    1.30%    passed     98.24%
   8  TGTGGTAGTATCAGTC-1_contig_2    3.65%    passed     95.00%
   9  CAGTAACGTTAGATGA-1_contig_2    5.99%    passed     70.26%
  10  CCTATTAGTGCGATAG-1_contig_2    1.30%    passed     97.95%
  11  TGTTCCGGTAAGAGAG-1_contig_2    4.43%    passed     41.33%
  12  TTCTACAGTAAACCTC-1_contig_2    1.30%    passed     97.95%
  13  AATCGGTAGTTCGATC-1_contig_2    1.30%    passed     90.36%
****  TOTAL                          3.29%  0 sequences failed composition chi2 test (p-value<5%; df=3)
Checking for duplicate sequences: done in 3.91006e-05 secs using 74.17% CPU


Create initial parsimony tree by phylogenetic likelihood library (PLL)... 0.000 seconds
WARNING: Number of threads seems too high for short alignments. Use -T AUTO to determine best number of threads.
Perform fast likelihood tree search using GTR+I+G model...
Estimate model parameters (epsilon = 5.000)
Perform nearest neighbor interchange...
Estimate model parameters (epsilon = 1.000)
1. Initial log-likelihood: -1638.232
Optimal log-likelihood: -1638.226
Rate parameters:  A-C: 1.33174  A-G: 3.80797  A-T: 2.03373  C-G: 1.87890  C-T: 6.24868  G-T: 1.00000
Base frequencies:  A: 0.223  C: 0.263  G: 0.300  T: 0.214
Proportion of invariable sites: 0.303
Gamma shape alpha: 1.259
Parameters optimization took 1 rounds (0.008 sec)
Time for fast ML tree search: 0.082 seconds

NOTE: ModelFinder requires 1 MB RAM!
ModelFinder will test up to 968 DNA models (sample size: 384 epsilon: 0.100) ...
 No. Model         -LnL         df  AIC          AICc         BIC
WARNING: Number of threads seems too high for short alignments. Use -T AUTO to determine best number of threads.
  1  JC            1703.933     23  3453.866     3456.933     3544.731
WARNING: Number of threads seems too high for short alignments. Use -T AUTO to determine best number of threads.
  2  JC+I          1676.252     24  3400.504     3403.847     3495.319
WARNING: Number of threads seems too high for short alignments. Use -T AUTO to determine best number of threads.
  3  JC+G4         1674.454     24  3396.908     3400.251     3491.723
WARNING: Number of threads seems too high for short alignments. Use -T AUTO to determine best number of threads.
  4  JC+I+G4       1674.490     25  3398.980     3402.611     3497.746
WARNING: Number of threads seems too high for short alignments. Use -T AUTO to determine best number of threads.
  5  JC+R2         1674.891     25  3399.783     3403.414     3498.549
WARNING: Number of threads seems too high for short alignments. Use -T AUTO to determine best number of threads.
  6  JC+R3         1674.477     27  3402.955     3407.202     3509.622
WARNING: Number of threads seems too high for short alignments. Use -T AUTO to determine best number of threads.
 14  JC+I+R2       1674.926     26  3401.852     3405.785     3504.569
WARNING: Number of threads seems too high for short alignments. Use -T AUTO to determine best number of threads.
 15  JC+I+R3       1674.631     28  3405.263     3409.837     3515.881
 24  JC+I          1676.252     24  3400.504     3403.847     3495.319
 25  JC+G4         1674.454     24  3396.908     3400.251     3491.723
 26  JC+I+G4       1674.490     25  3398.980     3402.611     3497.746
 27  JC+R2         1674.891     25  3399.783     3403.414     3498.549
WARNING: Number of threads seems too high for short alignments. Use -T AUTO to determine best number of threads.
 46  F81+I         1676.252     24  3400.504     3403.847     3495.319
WARNING: Number of threads seems too high for short alignments. Use -T AUTO to determine best number of threads.
 47  F81+G4        1674.454     24  3396.908     3400.251     3491.724
WARNING: Number of threads seems too high for short alignments. Use -T AUTO to determine best number of threads.
 48  F81+I+G4      1674.489     25  3398.979     3402.610     3497.745
WARNING: Number of threads seems too high for short alignments. Use -T AUTO to determine best number of threads.
 49  F81+R2        1674.847     25  3399.694     3403.325     3498.460
WARNING: Number of threads seems too high for short alignments. Use -T AUTO to determine best number of threads.
 68  F81+F+I       1675.886     27  3405.772     3410.019     3512.439
WARNING: Number of threads seems too high for short alignments. Use -T AUTO to determine best number of threads.
 69  F81+F+G4      1673.556     27  3401.113     3405.360     3507.780
WARNING: Number of threads seems too high for short alignments. Use -T AUTO to determine best number of threads.
 70  F81+F+I+G4    1673.667     28  3403.335     3407.909     3513.953
WARNING: Number of threads seems too high for short alignments. Use -T AUTO to determine best number of threads.
 71  F81+F+R2      1674.066     28  3404.132     3408.706     3514.750
WARNING: Number of threads seems too high for short alignments. Use -T AUTO to determine best number of threads.
 90  K2P+I         1646.302     25  3342.604     3346.235     3441.370
WARNING: Number of threads seems too high for short alignments. Use -T AUTO to determine best number of threads.
 91  K2P+G4        1644.555     25  3339.111     3342.742     3437.877
WARNING: Number of threads seems too high for short alignments. Use -T AUTO to determine best number of threads.
 92  K2P+I+G4      1644.481     26  3340.962     3344.895     3443.679
WARNING: Number of threads seems too high for short alignments. Use -T AUTO to determine best number of threads.
 93  K2P+R2        1644.928     26  3341.856     3345.788     3444.572
112  K2P+I         1646.302     25  3342.604     3346.235     3441.370
113  K2P+G4        1644.555     25  3339.111     3342.742     3437.877
114  K2P+I+G4      1644.481     26  3340.962     3344.895     3443.679
115  K2P+R2        1644.928     26  3341.856     3345.788     3444.572
WARNING: Number of threads seems too high for short alignments. Use -T AUTO to determine best number of threads.
134  HKY+I         1646.302     25  3342.604     3346.235     3441.370
WARNING: Number of threads seems too high for short alignments. Use -T AUTO to determine best number of threads.
135  HKY+G4        1644.555     25  3339.111     3342.742     3437.877
WARNING: Number of threads seems too high for short alignments. Use -T AUTO to determine best number of threads.
136  HKY+I+G4      1644.481     26  3340.961     3344.894     3443.678
WARNING: Number of threads seems too high for short alignments. Use -T AUTO to determine best number of threads.
137  HKY+R2        1644.899     26  3341.797     3345.730     3444.514
WARNING: Number of threads seems too high for short alignments. Use -T AUTO to determine best number of threads.
156  HKY+F+I       1645.690     28  3347.379     3351.954     3457.997
WARNING: Number of threads seems too high for short alignments. Use -T AUTO to determine best number of threads.
157  HKY+F+G4      1642.858     28  3341.715     3346.290     3452.333
WARNING: Number of threads seems too high for short alignments. Use -T AUTO to determine best number of threads.
158  HKY+F+I+G4    1642.929     29  3343.858     3348.774     3458.427
WARNING: Number of threads seems too high for short alignments. Use -T AUTO to determine best number of threads.
159  HKY+F+R2      1643.337     29  3344.674     3349.589     3459.242
WARNING: Number of threads seems too high for short alignments. Use -T AUTO to determine best number of threads.
178  TNe+I         1644.383     26  3340.765     3344.698     3443.482
WARNING: Number of threads seems too high for short alignments. Use -T AUTO to determine best number of threads.
179  TNe+G4        1643.064     26  3338.128     3342.061     3440.845
WARNING: Number of threads seems too high for short alignments. Use -T AUTO to determine best number of threads.
180  TNe+I+G4      1642.955     27  3339.910     3344.157     3446.577
WARNING: Number of threads seems too high for short alignments. Use -T AUTO to determine best number of threads.
181  TNe+R2        1643.185     27  3340.369     3344.616     3447.036
200  TNe+I         1644.383     26  3340.765     3344.698     3443.482
201  TNe+G4        1643.064     26  3338.128     3342.061     3440.845
202  TNe+I+G4      1642.955     27  3339.910     3344.157     3446.577
203  TNe+R2        1643.185     27  3340.369     3344.616     3447.036
WARNING: Number of threads seems too high for short alignments. Use -T AUTO to determine best number of threads.
222  TN+I          1644.382     26  3340.765     3344.697     3443.481
WARNING: Number of threads seems too high for short alignments. Use -T AUTO to determine best number of threads.
223  TN+G4         1643.065     26  3338.130     3342.063     3440.846
WARNING: Number of threads seems too high for short alignments. Use -T AUTO to determine best number of threads.
224  TN+I+G4       1642.955     27  3339.910     3344.157     3446.577
WARNING: Number of threads seems too high for short alignments. Use -T AUTO to determine best number of threads.
225  TN+R2         1643.174     27  3340.347     3344.594     3447.015
WARNING: Number of threads seems too high for short alignments. Use -T AUTO to determine best number of threads.
244  TN+F+I        1642.518     29  3343.036     3347.951     3457.605
WARNING: Number of threads seems too high for short alignments. Use -T AUTO to determine best number of threads.
245  TN+F+G4       1640.330     29  3338.660     3343.575     3453.229
WARNING: Number of threads seems too high for short alignments. Use -T AUTO to determine best number of threads.
246  TN+F+I+G4     1640.321     30  3340.642     3345.911     3459.161
WARNING: Number of threads seems too high for short alignments. Use -T AUTO to determine best number of threads.
247  TN+F+R2       1640.543     30  3341.087     3346.356     3459.606
WARNING: Number of threads seems too high for short alignments. Use -T AUTO to determine best number of threads.
266  K3P+I         1643.918     26  3339.835     3343.768     3442.552
WARNING: Number of threads seems too high for short alignments. Use -T AUTO to determine best number of threads.
267  K3P+G4        1642.332     26  3336.664     3340.597     3439.380
WARNING: Number of threads seems too high for short alignments. Use -T AUTO to determine best number of threads.
268  K3P+I+G4      1642.208     27  3338.415     3342.663     3445.083
WARNING: Number of threads seems too high for short alignments. Use -T AUTO to determine best number of threads.
269  K3P+R2        1642.622     27  3339.244     3343.491     3445.912
288  K3P+I         1643.918     26  3339.835     3343.768     3442.552
289  K3P+G4        1642.332     26  3336.664     3340.597     3439.380
290  K3P+I+G4      1642.208     27  3338.415     3342.663     3445.083
291  K3P+R2        1642.622     27  3339.244     3343.491     3445.912
WARNING: Number of threads seems too high for short alignments. Use -T AUTO to determine best number of threads.
310  K3Pu+I        1643.918     26  3339.835     3343.768     3442.552
WARNING: Number of threads seems too high for short alignments. Use -T AUTO to determine best number of threads.
311  K3Pu+G4       1642.332     26  3336.665     3340.598     3439.382
WARNING: Number of threads seems too high for short alignments. Use -T AUTO to determine best number of threads.
312  K3Pu+I+G4     1642.208     27  3338.415     3342.662     3445.083
WARNING: Number of threads seems too high for short alignments. Use -T AUTO to determine best number of threads.
313  K3Pu+R2       1642.607     27  3339.213     3343.461     3445.881
WARNING: Number of threads seems too high for short alignments. Use -T AUTO to determine best number of threads.
332  K3Pu+F+I      1643.649     29  3345.299     3350.214     3459.867
WARNING: Number of threads seems too high for short alignments. Use -T AUTO to determine best number of threads.
333  K3Pu+F+G4     1641.105     29  3340.209     3345.124     3454.778
WARNING: Number of threads seems too high for short alignments. Use -T AUTO to determine best number of threads.
334  K3Pu+F+I+G4   1641.121     30  3342.241     3347.510     3460.760
WARNING: Number of threads seems too high for short alignments. Use -T AUTO to determine best number of threads.
335  K3Pu+F+R2     1641.503     30  3343.007     3348.276     3461.526
WARNING: Number of threads seems too high for short alignments. Use -T AUTO to determine best number of threads.
354  TPM2+I        1645.907     26  3343.815     3347.748     3446.531
WARNING: Number of threads seems too high for short alignments. Use -T AUTO to determine best number of threads.
355  TPM2+G4       1644.470     26  3340.940     3344.872     3443.656
WARNING: Number of threads seems too high for short alignments. Use -T AUTO to determine best number of threads.
356  TPM2+I+G4     1644.363     27  3342.725     3346.972     3449.393
WARNING: Number of threads seems too high for short alignments. Use -T AUTO to determine best number of threads.
357  TPM2+R2       1644.721     27  3343.441     3347.688     3450.109
376  TPM2+I        1645.907     26  3343.815     3347.748     3446.531
377  TPM2+G4       1644.470     26  3340.940     3344.872     3443.656
378  TPM2+I+G4     1644.363     27  3342.725     3346.972     3449.393
379  TPM2+R2       1644.721     27  3343.441     3347.688     3450.109
WARNING: Number of threads seems too high for short alignments. Use -T AUTO to determine best number of threads.
398  TPM2u+I       1645.907     26  3343.815     3347.747     3446.531
WARNING: Number of threads seems too high for short alignments. Use -T AUTO to determine best number of threads.
399  TPM2u+G4      1644.470     26  3340.940     3344.873     3443.657
WARNING: Number of threads seems too high for short alignments. Use -T AUTO to determine best number of threads.
400  TPM2u+I+G4    1644.363     27  3342.726     3346.973     3449.393
WARNING: Number of threads seems too high for short alignments. Use -T AUTO to determine best number of threads.
401  TPM2u+R2      1644.708     27  3343.416     3347.663     3450.083
WARNING: Number of threads seems too high for short alignments. Use -T AUTO to determine best number of threads.
420  TPM2u+F+I     1645.685     29  3349.370     3354.285     3463.938
WARNING: Number of threads seems too high for short alignments. Use -T AUTO to determine best number of threads.
[IGHV1-69_12_IGHJ4_02_aligned] Building tree (13 seqs) ...
Traceback (most recent call last):
  File "/Users/shumilov/PycharmProjects/BioCad_bd/scripts/04a_build_trees_iqtree/build_trees_iqtree.py", line 104, in <module>
    main()
  File "/Users/shumilov/PycharmProjects/BioCad_bd/scripts/04a_build_trees_iqtree/build_trees_iqtree.py", line 97, in main
    subprocess.run(cmd, check=True)
  File "/Users/shumilov/miniconda3/envs/biocad_bcr_pipeline_environment/lib/python3.11/subprocess.py", line 550, in run
    stdout, stderr = process.communicate(input, timeout=timeout)
                     ^^^^^^^^^^^^^^^^^^^^^^^^^^^^^^^^^^^^^^^^^^^
  File "/Users/shumilov/miniconda3/envs/biocad_bcr_pipeline_environment/lib/python3.11/subprocess.py", line 1201, in communicate
    self.wait()
  File "/Users/shumilov/miniconda3/envs/biocad_bcr_pipeline_environment/lib/python3.11/subprocess.py", line 1264, in wait
    return self._wait(timeout=timeout)
           ^^^^^^^^^^^^^^^^^^^^^^^^^^^
  File "/Users/shumilov/miniconda3/envs/biocad_bcr_pipeline_environment/lib/python3.11/subprocess.py", line 2053, in _wait
    (pid, sts) = self._try_wait(0)
                 ^^^^^^^^^^^^^^^^^
  File "/Users/shumilov/miniconda3/envs/biocad_bcr_pipeline_environment/lib/python3.11/subprocess.py", line 2011, in _try_wait
    (pid, sts) = os.waitpid(self.pid, wait_flags)
                 ^^^^^^^^^^^^^^^^^^^^^^^^^^^^^^^^
KeyboardInterrupt
CMD: /Users/shumilov/miniconda3/envs/biocad_bcr_pipeline_environment/bin/python /Users/shumilov/PycharmProjects/BioCad_bd/scripts/04a_build_trees_iqtree/build_trees_iqtree.py -i results/example_report/aligned_sequences -o results/example_report/trees
CWD: /Users/shumilov/PycharmProjects/BioCad_bd
START: 2026-07-18 13:51:38.222435

