[2026-07-17 22:56:01] Conda env 'trees_building_env' exists, activating ...
[2026-07-17 22:56:02] Analyzing IGHV1-69_12_IGHJ4_02__mrbayes_c002.fa ...
Running IgBLAST on results/example_report/groups/clades/IGHV1-69_12_IGHJ4_02__mrbayes_c002.fa...
Parsing IgBLAST output...
Warning: no results from IgBLAST
Running IgBLAST on results/example_report/groups/clades/IGHV1-69_12_IGHJ4_02__mrbayes_c002.fa...
Parsing IgBLAST output...
Warning: no results from IgBLAST
[2026-07-17 22:56:07] Done: IGHV1-69_12_IGHJ4_02__mrbayes_c002.fa

[2026-07-17 22:56:07] Analyzing IGHV1-69_12_IGHJ4_02__mrbayes_c000.fa ...
Running IgBLAST on results/example_report/groups/clades/IGHV1-69_12_IGHJ4_02__mrbayes_c000.fa...
Parsing IgBLAST output...
Warning: no results from IgBLAST
Running IgBLAST on results/example_report/groups/clades/IGHV1-69_12_IGHJ4_02__mrbayes_c000.fa...
Parsing IgBLAST output...
Warning: no results from IgBLAST
[2026-07-17 22:56:11] Done: IGHV1-69_12_IGHJ4_02__mrbayes_c000.fa

[2026-07-17 22:56:11] Analyzing IGHV1-69_12_IGHJ4_02__mrbayes_c001.fa ...
Running IgBLAST on results/example_report/groups/clades/IGHV1-69_12_IGHJ4_02__mrbayes_c001.fa...
Parsing IgBLAST output...
Warning: no results from IgBLAST
Running IgBLAST on results/example_report/groups/clades/IGHV1-69_12_IGHJ4_02__mrbayes_c001.fa...
Parsing IgBLAST output...
Warning: no results from IgBLAST
[2026-07-17 22:56:15] Done: IGHV1-69_12_IGHJ4_02__mrbayes_c001.fa

All mutation tables saved to results/example_report/mutation_tables/
CMD: bash /Users/shumilov/PycharmProjects/BioCad_bd/scripts/06_analyze_mutations/analyze_mutations.sh results/example_report/groups/clades results/example_report/mutation_tables /Users/shumilov/PycharmProjects/BioCad_bd/data/references
CWD: /Users/shumilov/PycharmProjects/BioCad_bd
START: 2026-07-17 22:56:00.743165

