

                            MrBayes 3.2.7 aarch64

                      (Bayesian Analysis of Phylogeny)

              Distributed under the GNU General Public License


               Type "help" or "help <command>" for information
                     on the commands that are available.

                   Type "about" for authorship and general
                       information about the program.



   Executing file "IGHV1-69_12_IGHJ4_02.nex"
   UNIX line termination
   Longest line length = 394
   Parsing file
   Expecting NEXUS formatted file
   Reading data block
      Allocated taxon set
      Allocated matrix
      Defining new matrix with 13 taxa and 384 characters
      Data is Dna
      Gaps coded as -
      Missing data coded as ?
      Data matrix is not interleaved
      Taxon  1 -> T0000
      Taxon  2 -> T0001
      Taxon  3 -> T0002
      Taxon  4 -> T0003
      Taxon  5 -> T0004
      Taxon  6 -> T0005
      Taxon  7 -> T0006
      Taxon  8 -> T0007
      Taxon  9 -> T0008
      Taxon 10 -> T0009
      Taxon 11 -> T0010
      Taxon 12 -> T0011
      Taxon 13 -> T0012
      Successfully read matrix
      Setting default partition (does not divide up characters)
      Setting model defaults
      Seed (for generating default start values) = 1784356439
      Setting output file names to "IGHV1-69_12_IGHJ4_02.nex.run<i>.<p|t>"
   Exiting data block
   Reading mrbayes block
      Setting autoclose to yes
      Setting nowarnings to yes
      Setting seed to 12345
      Setting swapseed to 12345
      Setting Nst to 6
      Setting Rates to Invgamma
      Successfully set likelihood model parameters
      Setting number of generations to 200000
      Setting sample frequency to 200
      Setting number of chains to 4
      Setting number of runs to 2
      Setting print frequency to 20000
      Setting diagnosing frequency to 20000
      Setting 'Starttree' to "Random"
      Setting chain output file names to "IGHV1-69_12_IGHJ4_02.nex.run<i>.<p/t>"
      Running Markov chain
      MCMC stamp = 0201508773
      Seed = 376088129
      Swapseed = 12345
      Model settings:

         Data not partitioned --
            Datatype  = DNA
            Nucmodel  = 4by4
            Nst       = 6
                        Substitution rates, expressed as proportions
                        of the rate sum, have a Dirichlet prior
                        (1.00,1.00,1.00,1.00,1.00,1.00)
            Covarion  = No
            # States  = 4
                        State frequencies have a Dirichlet prior
                        (1.00,1.00,1.00,1.00)
            Rates     = Invgamma
                        The distribution is approximated using 4 categories.
                        Shape parameter is exponentially
                        distributed with parameter (1.00).
                        Proportion of invariable sites is uniformly dist-
                        ributed on the interval (0.00,1.00).

      Active parameters: 

         Parameters
         ---------------------
         Revmat              1
         Statefreq           2
         Shape               3
         Pinvar              4
         Ratemultiplier      5
         Topology            6
         Brlens              7
         ---------------------

         1 --  Parameter  = Revmat
               Type       = Rates of reversible rate matrix
               Prior      = Dirichlet(1.00,1.00,1.00,1.00,1.00,1.00)

         2 --  Parameter  = Pi
               Type       = Stationary state frequencies
               Prior      = Dirichlet

         3 --  Parameter  = Alpha
               Type       = Shape of scaled gamma distribution of site rates
               Prior      = Exponential(1.00)

         4 --  Parameter  = Pinvar
               Type       = Proportion of invariable sites
               Prior      = Uniform(0.00,1.00)

         5 --  Parameter  = Ratemultiplier
               Type       = Partition-specific rate multiplier
               Prior      = Fixed(1.0)

         6 --  Parameter  = Tau
               Type       = Topology
               Prior      = All topologies equally probable a priori
               Subparam.  = V

         7 --  Parameter  = V
               Type       = Branch lengths
               Prior      = Unconstrained:GammaDir(1.0,0.1000,1.0,1.0)



      The MCMC sampler will use the following moves:
         With prob.  Chain will use move
            0.93 %   Dirichlet(Revmat)
            0.93 %   Slider(Revmat)
            0.93 %   Dirichlet(Pi)
            0.93 %   Slider(Pi)
            1.85 %   Multiplier(Alpha)
            1.85 %   Slider(Pinvar)
            9.26 %   ExtSPR(Tau,V)
            9.26 %   ExtTBR(Tau,V)
            9.26 %   NNI(Tau,V)
            9.26 %   ParsSPR(Tau,V)
           37.04 %   Multiplier(V)
           12.96 %   Nodeslider(V)
            5.56 %   TLMultiplier(V)

      Division 1 has 131 unique site patterns
      Initializing conditional likelihoods

      Running benchmarks to automatically select fastest BEAGLE resource... 
      Using BEAGLE v3.1.2 resource 0 for division 1:
         Rsrc Name : CPU
         Impl Name : CPU-4State-Single
         Flags: PROCESSOR_CPU PRECISION_SINGLE COMPUTATION_SYNCH EIGEN_REAL
                SCALING_MANUAL SCALERS_RAW VECTOR_NONE THREADING_CPP         MODEL STATES: 4
      Initializing invariable-site conditional likelihoods
      Resetting starting trees and tree parameters

      Initial log likelihoods and log prior probs for run 1:
         Chain 1 -- -2193.153418 -- 45.441226
         Chain 2 -- -2239.501350 -- 45.441226
         Chain 3 -- -2294.089920 -- 45.441226
         Chain 4 -- -2190.352793 -- 45.441226

      Initial log likelihoods and log prior probs for run 2:
         Chain 1 -- -2174.438051 -- 45.441226
         Chain 2 -- -2289.761060 -- 45.441226
         Chain 3 -- -2286.432135 -- 45.441226
         Chain 4 -- -2110.663885 -- 45.441226

      Overwriting file "IGHV1-69_12_IGHJ4_02.nex.mcmc"
      Overwriting file "IGHV1-69_12_IGHJ4_02.nex.run1.p"
      Overwriting file "IGHV1-69_12_IGHJ4_02.nex.run1.t"
      Overwriting file "IGHV1-69_12_IGHJ4_02.nex.run2.p"
      Overwriting file "IGHV1-69_12_IGHJ4_02.nex.run2.t"

      Using a relative burnin of 25.0 % for diagnostics

      Chain results (200000 generations requested):

          0 -- [-2193.153] (-2239.501) (-2294.090) (-2190.353) * [-2174.438] (-2289.761) (-2286.432) (-2110.664) 
      20000 -- [-1661.122] (-1669.227) (-1658.676) (-1652.937) * (-1664.467) [-1653.181] (-1653.669) (-1670.754) -- 0:00:18

      Average standard deviation of split frequencies: 0.035278

      40000 -- (-1660.993) (-1659.347) [-1654.199] (-1674.403) * (-1661.164) (-1661.073) (-1654.686) [-1660.401] -- 0:00:20

      Average standard deviation of split frequencies: 0.016492

      60000 -- (-1657.656) (-1660.187) (-1660.849) [-1649.704] * (-1655.919) [-1668.931] (-1666.572) (-1660.178) -- 0:00:18

      Average standard deviation of split frequencies: 0.011946

      80000 -- [-1657.464] (-1660.765) (-1663.724) (-1662.287) * (-1660.416) (-1659.966) [-1660.673] (-1662.325) -- 0:00:16

      Average standard deviation of split frequencies: 0.015270

      100000 -- (-1663.110) (-1660.853) [-1663.918] (-1661.400) * (-1654.093) (-1664.602) (-1657.571) [-1658.356] -- 0:00:12

      Average standard deviation of split frequencies: 0.013677

      120000 -- (-1657.901) [-1654.292] (-1664.187) (-1658.489) * (-1668.082) [-1662.124] (-1657.433) (-1652.872) -- 0:00:10

      Average standard deviation of split frequencies: 0.016106

      140000 -- (-1663.567) [-1650.303] (-1657.799) (-1664.352) * (-1652.579) (-1651.042) [-1656.691] (-1660.994) -- 0:00:08

      Average standard deviation of split frequencies: 0.015521

      160000 -- (-1652.233) (-1656.990) [-1652.114] (-1662.479) * [-1653.284] (-1659.724) (-1673.048) (-1659.958) -- 0:00:05

      Average standard deviation of split frequencies: 0.015295

      180000 -- (-1662.660) (-1664.892) (-1663.792) [-1653.889] * [-1646.925] (-1670.568) (-1661.791) (-1658.139) -- 0:00:02

      Average standard deviation of split frequencies: 0.012647
      200000 -- [-1655.557] (-1652.649) (-1659.121) (-1661.973) * [-1656.923] (-1658.240) (-1665.684) (-1664.675) -- 0:00:00

      Average standard deviation of split frequencies: 0.014337

      Analysis completed in 27 seconds
      Analysis used 26.94 seconds of CPU time
      Likelihood of best state for "cold" chain of run 1 was -1643.67
      Likelihood of best state for "cold" chain of run 2 was -1643.77

      Acceptance rates for the moves in the "cold" chain of run 1:
         With prob.   (last 100)   chain accepted proposals by move
            54.5 %     ( 47 %)     Dirichlet(Revmat)
            73.4 %     ( 73 %)     Slider(Revmat)
            33.8 %     ( 41 %)     Dirichlet(Pi)
            40.1 %     ( 36 %)     Slider(Pi)
            63.0 %     ( 61 %)     Multiplier(Alpha)
            81.9 %     ( 86 %)     Slider(Pinvar)
            32.2 %     ( 41 %)     ExtSPR(Tau,V)
            24.0 %     ( 18 %)     ExtTBR(Tau,V)
            36.1 %     ( 30 %)     NNI(Tau,V)
            38.7 %     ( 28 %)     ParsSPR(Tau,V)
            30.3 %     ( 23 %)     Multiplier(V)
            44.6 %     ( 41 %)     Nodeslider(V)
            23.8 %     ( 24 %)     TLMultiplier(V)

      Acceptance rates for the moves in the "cold" chain of run 2:
         With prob.   (last 100)   chain accepted proposals by move
            55.2 %     ( 51 %)     Dirichlet(Revmat)
            73.7 %     ( 80 %)     Slider(Revmat)
            34.8 %     ( 34 %)     Dirichlet(Pi)
            39.6 %     ( 41 %)     Slider(Pi)
            65.0 %     ( 56 %)     Multiplier(Alpha)
            81.1 %     ( 75 %)     Slider(Pinvar)
            32.0 %     ( 36 %)     ExtSPR(Tau,V)
            23.9 %     ( 26 %)     ExtTBR(Tau,V)
            36.1 %     ( 35 %)     NNI(Tau,V)
            37.2 %     ( 36 %)     ParsSPR(Tau,V)
            30.2 %     ( 29 %)     Multiplier(V)
            44.3 %     ( 37 %)     Nodeslider(V)
            24.3 %     ( 31 %)     TLMultiplier(V)

      Chain swap information for run 1:

                  1      2      3      4 
           ------------------------------
         1 |          0.74   0.52   0.36 
         2 |  33340          0.76   0.56 
         3 |  33185  33433          0.78 
         4 |  33316  33567  33159        

      Chain swap information for run 2:

                  1      2      3      4 
           ------------------------------
         1 |          0.74   0.52   0.36 
         2 |  33202          0.76   0.56 
         3 |  33113  33261          0.78 
         4 |  33611  33366  33447        

      Upper diagonal: Proportion of successful state exchanges between chains
      Lower diagonal: Number of attempted state exchanges between chains

      Chain information:

        ID -- Heat 
       -----------
         1 -- 1.00  (cold chain)
         2 -- 0.91 
         3 -- 0.83 
         4 -- 0.77 

      Heat = 1 / (1 + T * (ID - 1))
         (where T = 0.10 is the temperature and ID is the chain number)

      Setting burnin fraction to 0.25
      Setting sumt conformat to Simple
      Summarizing trees in files "IGHV1-69_12_IGHJ4_02.nex.run1.t" and "IGHV1-69_12_IGHJ4_02.nex.run2.t"
      Using relative burnin ('relburnin=yes'), discarding the first 25 % of sampled trees
      Writing statistics to files IGHV1-69_12_IGHJ4_02.nex.<parts|tstat|vstat|trprobs|con>
      Examining first file ...
      Found one tree block in file "IGHV1-69_12_IGHJ4_02.nex.run1.t" with 1001 trees in last block
      Expecting the same number of trees in the last tree block of all files

      Tree reading status:

      0      10      20      30      40      50      60      70      80      90     100
      v-------v-------v-------v-------v-------v-------v-------v-------v-------v-------v
      *********************************************************************************

      Read a total of 2002 trees in 2 files (sampling 1502 of them)
         (Each file contained 1001 trees of which 751 were sampled)
      Overwriting file "IGHV1-69_12_IGHJ4_02.nex.parts"
      Overwriting file "IGHV1-69_12_IGHJ4_02.nex.tstat"
      Overwriting file "IGHV1-69_12_IGHJ4_02.nex.vstat"
      Overwriting file "IGHV1-69_12_IGHJ4_02.nex.con.tre"
      Overwriting file "IGHV1-69_12_IGHJ4_02.nex.trprobs"
                                                                                   
      General explanation:                                                          
                                                                                   
      In an unrooted tree, a taxon bipartition (split) is specified by removing a   
      branch, thereby dividing the species into those to the left and those to the  
      right of the branch. Here, taxa to one side of the removed branch are denoted 
      '.' and those to the other side are denoted '*'. Specifically, the '.' symbol 
      is used for the taxa on the same side as the outgroup.                        
                                                                                   
      In a rooted or clock tree, the tree is rooted using the model and not by      
      reference to an outgroup. Each bipartition therefore corresponds to a clade,  
      that is, a group that includes all the descendants of a particular branch in  
      the tree.  Taxa that are included in each clade are denoted using '*', and    
      taxa that are not included are denoted using the '.' symbol.                  
                                                                                   
      The output first includes a key to all the bipartitions with frequency larger 
      or equual to (Minpartfreq) in at least one run. Minpartfreq is a parameter to 
      sumt command and currently it is set to 0.10.  This is followed by a table  
      with statistics for the informative bipartitions (those including at least    
      two taxa), sorted from highest to lowest probability. For each bipartition,   
      the table gives the number of times the partition or split was observed in all
      runs (#obs) and the posterior probability of the bipartition (Probab.), which 
      is the same as the split frequency. If several runs are summarized, this is   
      followed by the minimum split frequency (Min(s)), the maximum frequency       
      (Max(s)), and the standard deviation of frequencies (Stddev(s)) across runs.  
      The latter value should approach 0 for all bipartitions as MCMC runs converge.
                                                                                   
      This is followed by a table summarizing branch lengths, node heights (if a    
      clock model was used) and relaxed clock parameters (if a relaxed clock model  
      was used). The mean, variance, and 95 % credible interval are given for each 
      of these parameters. If several runs are summarized, the potential scale      
      reduction factor (PSRF) is also given; it should approach 1 as runs converge. 
      Node heights will take calibration points into account, if such points were   
      used in the analysis.                                                         
                                                                                    
      Note that Stddev may be unreliable if the partition is not present in all     
      runs (the last column indicates the number of runs that sampled the partition 
      if more than one run is summarized). The PSRF is not calculated at all if     
      the partition is not present in all runs.The PSRF is also sensitive to small  
      sample sizes and it should only be considered a rough guide to convergence    
      since some of the assumptions allowing one to interpret it as a true potential
      scale reduction factor are violated in MrBayes.                               
                                                                                    
      List of taxa in bipartitions:                                                 
                                                                                   
         1 -- T0000
         2 -- T0001
         3 -- T0002
         4 -- T0003
         5 -- T0004
         6 -- T0005
         7 -- T0006
         8 -- T0007
         9 -- T0008
        10 -- T0009
        11 -- T0010
        12 -- T0011
        13 -- T0012

      Key to taxon bipartitions (saved to file "IGHV1-69_12_IGHJ4_02.nex.parts"):

      ID -- Partition
      -------------------
       1 -- .************
       2 -- .*...........
       3 -- ..*..........
       4 -- ...*.........
       5 -- ....*........
       6 -- .....*.......
       7 -- ......*......
       8 -- .......*.....
       9 -- ........*....
      10 -- .........*...
      11 -- ..........*..
      12 -- ...........*.
      13 -- ............*
      14 -- .*....*..*.*.
      15 -- ...*...*.....
      16 -- ..**.*.**.*..
      17 -- ..**...**.*..
      18 -- ..****.**.*..
      19 -- ..*.......*..
      20 -- ..****.**.*.*
      21 -- .***********.
      22 -- ..**...*..*..
      23 -- ..*.....*.*..
      24 -- .*....*....*.
      25 -- ......*....*.
      26 -- .*....*......
      27 -- .*.........*.
      28 -- .*.......*...
      29 -- .........*.*.
      30 -- .*.......*.*.
      31 -- .*....*..*...
      32 -- ......*..*.*.
      33 -- ...*...**....
      34 -- ......*..*...
      35 -- ........*.*..
      -------------------

      Summary statistics for informative taxon bipartitions
         (saved to file "IGHV1-69_12_IGHJ4_02.nex.tstat"):

      ID   #obs    Probab.     Sd(s)+      Min(s)      Max(s)   Nruns 
      ----------------------------------------------------------------
      14  1502    1.000000    0.000000    1.000000    1.000000    2
      15  1502    1.000000    0.000000    1.000000    1.000000    2
      16  1456    0.969374    0.011299    0.961385    0.977364    2
      17  1399    0.931425    0.017890    0.918775    0.944075    2
      18  1352    0.900133    0.005649    0.896138    0.904128    2
      19  1109    0.738349    0.017890    0.725699    0.750999    2
      20   753    0.501332    0.010357    0.494008    0.508655    2
      21   581    0.386818    0.012240    0.378162    0.395473    2
      22   554    0.368842    0.028247    0.348868    0.388815    2
      23   484    0.322237    0.020714    0.307590    0.336884    2
      24   333    0.221704    0.017890    0.209055    0.234354    2
      25   323    0.215047    0.025422    0.197071    0.233023    2
      26   317    0.211052    0.023539    0.194407    0.227696    2
      27   310    0.206391    0.005649    0.202397    0.210386    2
      28   299    0.199068    0.017890    0.186418    0.211718    2
      29   293    0.195073    0.027305    0.175766    0.214381    2
      30   290    0.193076    0.013182    0.183755    0.202397    2
      31   288    0.191744    0.007532    0.186418    0.197071    2
      32   285    0.189747    0.021656    0.174434    0.205060    2
      33   277    0.184421    0.000942    0.183755    0.185087    2
      34   266    0.177097    0.011299    0.169108    0.185087    2
      35   208    0.138482    0.018831    0.125166    0.151798    2
      ----------------------------------------------------------------
      + Convergence diagnostic (standard deviation of split frequencies)
        should approach 0.0 as runs converge.


      Summary statistics for branch and node parameters
         (saved to file "IGHV1-69_12_IGHJ4_02.nex.vstat"):

                                              95% HPD Interval
                                            --------------------
      Parameter      Mean       Variance     Lower       Upper       Median     PSRF+  Nruns
      --------------------------------------------------------------------------------------
      length[1]     0.106191    0.000449    0.066768    0.148782    0.104472    1.000    2
      length[2]     0.002414    0.000006    0.000000    0.007241    0.001674    1.001    2
      length[3]     0.020258    0.000093    0.003716    0.038830    0.018950    0.999    2
      length[4]     0.016649    0.000050    0.005071    0.031320    0.015406    0.999    2
      length[5]     0.080225    0.000356    0.043638    0.117049    0.078968    1.000    2
      length[6]     0.083833    0.000368    0.046832    0.119677    0.082551    1.001    2
      length[7]     0.005044    0.000012    0.000070    0.011721    0.004328    0.999    2
      length[8]     0.028618    0.000093    0.012719    0.048161    0.027728    1.002    2
      length[9]     0.123901    0.000605    0.077578    0.171713    0.122133    0.999    2
      length[10]    0.004942    0.000013    0.000209    0.011924    0.004037    1.001    2
      length[11]    0.061925    0.000259    0.032625    0.093431    0.061071    0.999    2
      length[12]    0.005116    0.000013    0.000043    0.012000    0.004453    0.999    2
      length[13]    0.035520    0.000126    0.014668    0.056072    0.034284    1.000    2
      length[14]    0.065716    0.000251    0.036037    0.096019    0.064948    0.999    2
      length[15]    0.031233    0.000134    0.010710    0.052960    0.029895    1.000    2
      length[16]    0.025503    0.000158    0.002980    0.049195    0.023667    1.001    2
      length[17]    0.022897    0.000134    0.004146    0.046439    0.021252    1.000    2
      length[18]    0.018775    0.000119    0.000093    0.039191    0.017516    1.001    2
      length[19]    0.013103    0.000079    0.000247    0.031229    0.011292    0.999    2
      length[20]    0.011069    0.000048    0.000099    0.024688    0.009994    1.002    2
      length[21]    0.010404    0.000053    0.000091    0.023664    0.009074    1.003    2
      length[22]    0.010865    0.000080    0.000036    0.029963    0.008933    0.999    2
      length[23]    0.008903    0.000051    0.000007    0.021834    0.007212    0.999    2
      length[24]    0.002904    0.000009    0.000017    0.008800    0.001877    0.998    2
      length[25]    0.002508    0.000005    0.000007    0.006850    0.001830    0.997    2
      length[26]    0.002714    0.000007    0.000002    0.008006    0.001829    0.998    2
      length[27]    0.002395    0.000006    0.000007    0.006736    0.001676    0.998    2
      length[28]    0.002528    0.000007    0.000008    0.007799    0.001848    0.997    2
      length[29]    0.002253    0.000005    0.000014    0.006867    0.001558    1.005    2
      length[30]    0.002905    0.000008    0.000002    0.008158    0.002015    1.000    2
      length[31]    0.002639    0.000006    0.000000    0.007375    0.001810    0.997    2
      length[32]    0.002684    0.000007    0.000017    0.007691    0.001923    0.997    2
      length[33]    0.007249    0.000045    0.000001    0.020075    0.004983    1.007    2
      length[34]    0.002740    0.000008    0.000001    0.007493    0.001745    0.997    2
      length[35]    0.011396    0.000077    0.000074    0.027376    0.009855    1.006    2
      --------------------------------------------------------------------------------------
      + Convergence diagnostic (PSRF = Potential Scale Reduction Factor; Gelman
        and Rubin, 1992) should approach 1.0 as runs converge. NA is reported when
        deviation of parameter values within all runs is 0 or when a parameter
        value (a branch length, for instance) is not sampled in all runs.


      Summary statistics for partitions with frequency >= 0.10 in at least one run:
          Average standard deviation of split frequencies = 0.014337
          Maximum standard deviation of split frequencies = 0.028247
          Average PSRF for parameter values (excluding NA and >10.0) = 1.000
          Maximum PSRF for parameter values = 1.007


      Clade credibility values:

      /-------------------------------------------------------------------- T0000 (1)
      |                                                                               
      |                                                        /----------- T0001 (2)
      |                                                        |                      
      |                                                        |----------- T0006 (7)
      |---------------------------100--------------------------+                      
      |                                                        |----------- T0009 (10)
      |                                                        |                      
      |                                                        \----------- T0011 (12)
      |                                                                               
      |                                                        /----------- T0002 (3)
      +                                            /-----74----+                      
      |                                            |           \----------- T0010 (11)
      |                                            |                                  
      |                                            |           /----------- T0003 (4)
      |                                 /----93----+----100----+                      
      |                                 |          |           \----------- T0007 (8)
      |                                 |          |                                  
      |                      /----97----+          \----------------------- T0008 (9)
      |                      |          |                                             
      |          /-----90----+          \---------------------------------- T0005 (6)
      |          |           |                                                        
      \----50----+           \--------------------------------------------- T0004 (5)
                 |                                                                    
                 \--------------------------------------------------------- T0012 (13)
                                                                                      

      Phylogram (based on average branch lengths):

      /------------------------------------- T0000 (1)
      |                                                                               
      |                      /- T0001 (2)
      |                      |                                                        
      |                      |-- T0006 (7)
      |----------------------+                                                        
      |                      |- T0009 (10)
      |                      |                                                        
      |                      \-- T0011 (12)
      |                                                                               
      |                             /------ T0002 (3)
      +                         /---+                                                 
      |                         |   \--------------------- T0010 (11)
      |                         |                                                     
      |                         |         /------ T0003 (4)
      |                 /-------+---------+                                           
      |                 |       |         \---------- T0007 (8)
      |                 |       |                                                     
      |         /-------+       \------------------------------------------- T0008 (9)
      |         |       |                                                             
      |   /-----+       \----------------------------- T0005 (6)
      |   |     |                                                                     
      \---+     \---------------------------- T0004 (5)
          |                                                                           
          \------------ T0012 (13)
                                                                                      
      |----------------| 0.050 expected changes per site

      Calculating tree probabilities...

      Credible sets of trees (574 trees sampled):
         50 % credible set contains 74 trees
         90 % credible set contains 424 trees
         95 % credible set contains 499 trees
         99 % credible set contains 559 trees

      Setting burnin fraction to 0.25
      Summarizing parameters in files IGHV1-69_12_IGHJ4_02.nex.run1.p and IGHV1-69_12_IGHJ4_02.nex.run2.p
      Writing summary statistics to file IGHV1-69_12_IGHJ4_02.nex.pstat
      Using relative burnin ('relburnin=yes'), discarding the first 25 % of samples

      Below are rough plots of the generation (x-axis) versus the log   
      probability of observing the data (y-axis). You can use these     
      graphs to determine what the burn in for your analysis should be. 
      When the log probability starts to plateau you may be at station- 
      arity. Sample trees and parameters after the log probability      
      plateaus. Of course, this is not a guarantee that you are at sta- 
      tionarity. Also examine the convergence diagnostics provided by   
      the 'sump' and 'sumt' commands for all the parameters in your     
      model. Remember that the burn in is the number of samples to dis- 
      card. There are a total of ngen / samplefreq samples taken during 
      a MCMC analysis.                                                  

      Overlay plot for both runs:
      (1 = Run number 1; 2 = Run number 2; * = Both runs)

      +------------------------------------------------------------+ -1652.53
      |     2       2             1          2      1   1  1    1  |
      |          1 1                11        1            2       |
      |              2 2  2     1  1                2 2          1 |
      |     1    22 1 1  21 2        2      1 22            1 1    |
      | 1 21          2 2    2 122    2 1  2 1       1 2  1  12    |
      |  *   11      1  1  2     1  2  2 2        11        2  2 2 |
      |22 1  2 2  1    1 1    1       1  1     1  22    2 2    1   |
      |       2 *           1             21    1      1 2        *|
      |1   2   1              22  22    2 1 2    1   21            |
      |                      1                   2       1         |
      |                                                      2     |
      |            2       1           1                        2  |
      |                                                            |
      |                                                            |
      |                                         2                  |
      +------+-----+-----+-----+-----+-----+-----+-----+-----+-----+ -1661.80
      ^                                                            ^
      50000                                                        200000

      Overwriting file "IGHV1-69_12_IGHJ4_02.nex.lstat"

      Estimated marginal likelihoods for runs sampled in files
         "IGHV1-69_12_IGHJ4_02.nex.run1.p" and "IGHV1-69_12_IGHJ4_02.nex.run2.p":
         (Use the harmonic mean for Bayes factor comparisons of models)

         (Values are saved to the file IGHV1-69_12_IGHJ4_02.nex.lstat)

      Run   Arithmetic mean   Harmonic mean
      --------------------------------------
        1      -1649.50         -1663.82
        2      -1650.54         -1667.79
      --------------------------------------
      TOTAL    -1649.89         -1667.11
      --------------------------------------


      Model parameter summaries over the runs sampled in files
         "IGHV1-69_12_IGHJ4_02.nex.run1.p" and "IGHV1-69_12_IGHJ4_02.nex.run2.p":
         Summaries are based on a total of 1502 samples from 2 runs.
         Each run produced 1001 samples of which 751 samples were included.
         Parameter summaries saved to file "IGHV1-69_12_IGHJ4_02.nex.pstat".
      Overwriting file "IGHV1-69_12_IGHJ4_02.nex.pstat"

                                            95% HPD Interval
                                          --------------------
      Parameter      Mean      Variance     Lower       Upper       Median    min ESS*  avg ESS    PSRF+ 
      --------------------------------------------------------------------------------------------------
      TL          0.772942    0.005568    0.622313    0.913149    0.770652    751.00    751.00    0.999
      r(A<->C)    0.086713    0.000512    0.049213    0.136290    0.083530    184.07    225.81    1.001
      r(A<->G)    0.245961    0.001277    0.179127    0.318947    0.245377     78.58    127.69    1.003
      r(A<->T)    0.120140    0.000811    0.066884    0.174865    0.117757    160.23    162.56    1.000
      r(C<->G)    0.121914    0.000569    0.078214    0.169408    0.120754    184.93    253.50    0.999
      r(C<->T)    0.359231    0.001985    0.273074    0.445387    0.358065    164.00    173.26    1.000
      r(G<->T)    0.066041    0.000398    0.032440    0.108579    0.064603    292.00    306.05    1.002
      pi(A)       0.224055    0.000362    0.188497    0.259878    0.223985    218.75    287.64    1.000
      pi(C)       0.265003    0.000390    0.227398    0.304957    0.264335    379.49    417.77    1.001
      pi(G)       0.282690    0.000430    0.241614    0.321489    0.282144    414.79    432.04    0.999
      pi(T)       0.228253    0.000348    0.192356    0.264167    0.228156    334.78    365.33    1.000
      alpha       1.194808    0.576285    0.344132    2.606125    0.977252    210.78    222.73    1.019
      pinvar      0.225502    0.016083    0.000544    0.432135    0.224463    113.08    144.96    1.020
      --------------------------------------------------------------------------------------------------
      * Convergence diagnostic (ESS = Estimated Sample Size); min and avg values
        correspond to minimal and average ESS among runs. 
        ESS value below 100 may indicate that the parameter is undersampled. 
      + Convergence diagnostic (PSRF = Potential Scale Reduction Factor; Gelman
        and Rubin, 1992) should approach 1.0 as runs converge.


   Exiting mrbayes block
   Reached end of file

   Tasks completed, exiting program because mode is noninteractive
   To return control to the command line after completion of file processing, 
   set mode to interactive with 'mb -i <filename>' (i is for interactive)
   or use 'set mode=interactive'

